[2022-11-04 09:36:02.887] [WARN ] [HikariPool-1 housekeeper] com.zaxxer.hikari.pool.HikariPool HikariPool-1 - Thread starvation or clock leap detected (housekeeper delta=15h17m57s390ms351µs400ns).
[2022-11-04 09:52:44.409] [INFO ] [main] com.springboot.relationship.data.repository.ProductDetailRepositoryTest Starting ProductDetailRepositoryTest using Java 11.0.16.1 on DESKTOP-ERTCLM2 with PID 16100 (started by 황순호 in C:\Users\황순호\Desktop\HSH_inteliJ\relationship)
[2022-11-04 09:52:44.411] [INFO ] [main] com.springboot.relationship.data.repository.ProductDetailRepositoryTest No active profile set, falling back to 1 default profile: "default"
[2022-11-04 09:52:45.034] [INFO ] [main] org.springframework.data.repository.config.RepositoryConfigurationDelegate Bootstrapping Spring Data JPA repositories in DEFAULT mode.
[2022-11-04 09:52:45.102] [INFO ] [main] org.springframework.data.repository.config.RepositoryConfigurationDelegate Finished Spring Data repository scanning in 53 ms. Found 4 JPA repository interfaces.
[2022-11-04 09:52:45.652] [INFO ] [main] org.hibernate.jpa.internal.util.LogHelper HHH000204: Processing PersistenceUnitInfo [name: default]
[2022-11-04 09:52:45.697] [INFO ] [main] org.hibernate.Version HHH000412: Hibernate ORM core version 5.6.12.Final
[2022-11-04 09:52:45.825] [INFO ] [main] org.hibernate.annotations.common.Version HCANN000001: Hibernate Commons Annotations {5.1.2.Final}
[2022-11-04 09:52:46.024] [INFO ] [main] com.zaxxer.hikari.HikariDataSource HikariPool-1 - Starting...
[2022-11-04 09:52:46.095] [INFO ] [main] com.zaxxer.hikari.HikariDataSource HikariPool-1 - Start completed.
[2022-11-04 09:52:46.124] [INFO ] [main] org.hibernate.dialect.Dialect HHH000400: Using dialect: org.hibernate.dialect.MariaDB106Dialect
[2022-11-04 09:52:47.098] [INFO ] [main] org.hibernate.engine.transaction.jta.platform.internal.JtaPlatformInitiator HHH000490: Using JtaPlatform implementation: [org.hibernate.engine.transaction.jta.platform.internal.NoJtaPlatform]
[2022-11-04 09:52:47.105] [INFO ] [main] org.springframework.orm.jpa.LocalContainerEntityManagerFactoryBean Initialized JPA EntityManagerFactory for persistence unit 'default'
[2022-11-04 09:52:48.054] [WARN ] [main] org.springframework.boot.autoconfigure.orm.jpa.JpaBaseConfiguration$JpaWebConfiguration spring.jpa.open-in-view is enabled by default. Therefore, database queries may be performed during view rendering. Explicitly configure spring.jpa.open-in-view to disable this warning
[2022-11-04 09:52:48.734] [INFO ] [main] com.springboot.relationship.data.repository.ProductDetailRepositoryTest Started ProductDetailRepositoryTest in 4.713 seconds (JVM running for 5.82)
[2022-11-04 09:52:49.031] [INFO ] [SpringApplicationShutdownHook] org.springframework.orm.jpa.LocalContainerEntityManagerFactoryBean Closing JPA EntityManagerFactory for persistence unit 'default'
[2022-11-04 09:52:49.034] [INFO ] [SpringApplicationShutdownHook] com.zaxxer.hikari.HikariDataSource HikariPool-1 - Shutdown initiated...
[2022-11-04 09:52:49.040] [INFO ] [SpringApplicationShutdownHook] com.zaxxer.hikari.HikariDataSource HikariPool-1 - Shutdown completed.
[2022-11-04 09:53:00.124] [INFO ] [main] com.springboot.relationship.data.repository.ProductDetailRepositoryTest Starting ProductDetailRepositoryTest using Java 11.0.16.1 on DESKTOP-ERTCLM2 with PID 17084 (started by 황순호 in C:\Users\황순호\Desktop\HSH_inteliJ\relationship)
[2022-11-04 09:53:00.125] [INFO ] [main] com.springboot.relationship.data.repository.ProductDetailRepositoryTest No active profile set, falling back to 1 default profile: "default"
[2022-11-04 09:53:00.755] [INFO ] [main] org.springframework.data.repository.config.RepositoryConfigurationDelegate Bootstrapping Spring Data JPA repositories in DEFAULT mode.
[2022-11-04 09:53:00.814] [INFO ] [main] org.springframework.data.repository.config.RepositoryConfigurationDelegate Finished Spring Data repository scanning in 53 ms. Found 4 JPA repository interfaces.
[2022-11-04 09:53:01.381] [INFO ] [main] org.hibernate.jpa.internal.util.LogHelper HHH000204: Processing PersistenceUnitInfo [name: default]
[2022-11-04 09:53:01.431] [INFO ] [main] org.hibernate.Version HHH000412: Hibernate ORM core version 5.6.12.Final
[2022-11-04 09:53:01.581] [INFO ] [main] org.hibernate.annotations.common.Version HCANN000001: Hibernate Commons Annotations {5.1.2.Final}
[2022-11-04 09:53:01.782] [INFO ] [main] com.zaxxer.hikari.HikariDataSource HikariPool-1 - Starting...
[2022-11-04 09:53:01.857] [INFO ] [main] com.zaxxer.hikari.HikariDataSource HikariPool-1 - Start completed.
[2022-11-04 09:53:01.889] [INFO ] [main] org.hibernate.dialect.Dialect HHH000400: Using dialect: org.hibernate.dialect.MariaDB106Dialect
[2022-11-04 09:53:02.740] [INFO ] [main] org.hibernate.engine.transaction.jta.platform.internal.JtaPlatformInitiator HHH000490: Using JtaPlatform implementation: [org.hibernate.engine.transaction.jta.platform.internal.NoJtaPlatform]
[2022-11-04 09:53:02.750] [INFO ] [main] org.springframework.orm.jpa.LocalContainerEntityManagerFactoryBean Initialized JPA EntityManagerFactory for persistence unit 'default'
[2022-11-04 09:53:03.712] [WARN ] [main] org.springframework.boot.autoconfigure.orm.jpa.JpaBaseConfiguration$JpaWebConfiguration spring.jpa.open-in-view is enabled by default. Therefore, database queries may be performed during view rendering. Explicitly configure spring.jpa.open-in-view to disable this warning
[2022-11-04 09:53:04.347] [INFO ] [main] com.springboot.relationship.data.repository.ProductDetailRepositoryTest Started ProductDetailRepositoryTest in 4.617 seconds (JVM running for 5.621)
[2022-11-04 09:53:04.644] [INFO ] [SpringApplicationShutdownHook] org.springframework.orm.jpa.LocalContainerEntityManagerFactoryBean Closing JPA EntityManagerFactory for persistence unit 'default'
[2022-11-04 09:53:04.646] [INFO ] [SpringApplicationShutdownHook] com.zaxxer.hikari.HikariDataSource HikariPool-1 - Shutdown initiated...
[2022-11-04 09:53:04.652] [INFO ] [SpringApplicationShutdownHook] com.zaxxer.hikari.HikariDataSource HikariPool-1 - Shutdown completed.
[2022-11-04 09:53:22.377] [INFO ] [main] com.springboot.relationship.data.repository.ProductDetailRepositoryTest Starting ProductDetailRepositoryTest using Java 11.0.16.1 on DESKTOP-ERTCLM2 with PID 16256 (started by 황순호 in C:\Users\황순호\Desktop\HSH_inteliJ\relationship)
[2022-11-04 09:53:22.378] [INFO ] [main] com.springboot.relationship.data.repository.ProductDetailRepositoryTest No active profile set, falling back to 1 default profile: "default"
[2022-11-04 09:53:22.991] [INFO ] [main] org.springframework.data.repository.config.RepositoryConfigurationDelegate Bootstrapping Spring Data JPA repositories in DEFAULT mode.
[2022-11-04 09:53:23.055] [INFO ] [main] org.springframework.data.repository.config.RepositoryConfigurationDelegate Finished Spring Data repository scanning in 57 ms. Found 4 JPA repository interfaces.
[2022-11-04 09:53:23.630] [INFO ] [main] org.hibernate.jpa.internal.util.LogHelper HHH000204: Processing PersistenceUnitInfo [name: default]
[2022-11-04 09:53:23.672] [INFO ] [main] org.hibernate.Version HHH000412: Hibernate ORM core version 5.6.12.Final
[2022-11-04 09:53:23.794] [INFO ] [main] org.hibernate.annotations.common.Version HCANN000001: Hibernate Commons Annotations {5.1.2.Final}
[2022-11-04 09:53:23.984] [INFO ] [main] com.zaxxer.hikari.HikariDataSource HikariPool-1 - Starting...
[2022-11-04 09:53:24.050] [INFO ] [main] com.zaxxer.hikari.HikariDataSource HikariPool-1 - Start completed.
[2022-11-04 09:53:24.076] [INFO ] [main] org.hibernate.dialect.Dialect HHH000400: Using dialect: org.hibernate.dialect.MariaDB106Dialect
[2022-11-04 09:53:24.979] [INFO ] [main] org.hibernate.engine.transaction.jta.platform.internal.JtaPlatformInitiator HHH000490: Using JtaPlatform implementation: [org.hibernate.engine.transaction.jta.platform.internal.NoJtaPlatform]
[2022-11-04 09:53:24.987] [INFO ] [main] org.springframework.orm.jpa.LocalContainerEntityManagerFactoryBean Initialized JPA EntityManagerFactory for persistence unit 'default'
[2022-11-04 09:53:25.847] [WARN ] [main] org.springframework.boot.autoconfigure.orm.jpa.JpaBaseConfiguration$JpaWebConfiguration spring.jpa.open-in-view is enabled by default. Therefore, database queries may be performed during view rendering. Explicitly configure spring.jpa.open-in-view to disable this warning
[2022-11-04 09:53:26.450] [INFO ] [main] com.springboot.relationship.data.repository.ProductDetailRepositoryTest Started ProductDetailRepositoryTest in 4.451 seconds (JVM running for 5.54)
[2022-11-04 09:53:26.733] [INFO ] [SpringApplicationShutdownHook] org.springframework.orm.jpa.LocalContainerEntityManagerFactoryBean Closing JPA EntityManagerFactory for persistence unit 'default'
[2022-11-04 09:53:26.735] [INFO ] [SpringApplicationShutdownHook] com.zaxxer.hikari.HikariDataSource HikariPool-1 - Shutdown initiated...
[2022-11-04 09:53:26.741] [INFO ] [SpringApplicationShutdownHook] com.zaxxer.hikari.HikariDataSource HikariPool-1 - Shutdown completed.
[2022-11-04 09:53:34.845] [INFO ] [SpringApplicationShutdownHook] org.springframework.orm.jpa.LocalContainerEntityManagerFactoryBean Closing JPA EntityManagerFactory for persistence unit 'default'
[2022-11-04 09:53:34.847] [INFO ] [SpringApplicationShutdownHook] com.zaxxer.hikari.HikariDataSource HikariPool-1 - Shutdown initiated...
[2022-11-04 09:53:34.851] [INFO ] [SpringApplicationShutdownHook] com.zaxxer.hikari.HikariDataSource HikariPool-1 - Shutdown completed.
[2022-11-04 09:53:37.752] [INFO ] [main] com.springboot.relationship.RelationshipApplication Starting RelationshipApplication using Java 11.0.16.1 on DESKTOP-ERTCLM2 with PID 14424 (C:\Users\황순호\Desktop\HSH_inteliJ\relationship\target\classes started by 황순호 in C:\Users\황순호\Desktop\HSH_inteliJ\relationship)
[2022-11-04 09:53:37.755] [INFO ] [main] com.springboot.relationship.RelationshipApplication No active profile set, falling back to 1 default profile: "default"
[2022-11-04 09:53:38.426] [INFO ] [main] org.springframework.data.repository.config.RepositoryConfigurationDelegate Bootstrapping Spring Data JPA repositories in DEFAULT mode.
[2022-11-04 09:53:38.504] [INFO ] [main] org.springframework.data.repository.config.RepositoryConfigurationDelegate Finished Spring Data repository scanning in 70 ms. Found 4 JPA repository interfaces.
[2022-11-04 09:53:39.133] [INFO ] [main] org.springframework.boot.web.embedded.tomcat.TomcatWebServer Tomcat initialized with port(s): 8080 (http)
[2022-11-04 09:53:39.141] [INFO ] [main] org.apache.coyote.http11.Http11NioProtocol Initializing ProtocolHandler ["http-nio-8080"]
[2022-11-04 09:53:39.141] [INFO ] [main] org.apache.catalina.core.StandardService Starting service [Tomcat]
[2022-11-04 09:53:39.141] [INFO ] [main] org.apache.catalina.core.StandardEngine Starting Servlet engine: [Apache Tomcat/9.0.68]
[2022-11-04 09:53:39.248] [INFO ] [main] org.apache.catalina.core.ContainerBase.[Tomcat].[localhost].[/] Initializing Spring embedded WebApplicationContext
[2022-11-04 09:53:39.248] [INFO ] [main] org.springframework.boot.web.servlet.context.ServletWebServerApplicationContext Root WebApplicationContext: initialization completed in 1445 ms
[2022-11-04 09:53:39.430] [INFO ] [main] org.hibernate.jpa.internal.util.LogHelper HHH000204: Processing PersistenceUnitInfo [name: default]
[2022-11-04 09:53:39.471] [INFO ] [main] org.hibernate.Version HHH000412: Hibernate ORM core version 5.6.12.Final
[2022-11-04 09:53:39.594] [INFO ] [main] org.hibernate.annotations.common.Version HCANN000001: Hibernate Commons Annotations {5.1.2.Final}
[2022-11-04 09:53:39.670] [INFO ] [main] com.zaxxer.hikari.HikariDataSource HikariPool-1 - Starting...
[2022-11-04 09:53:39.719] [INFO ] [main] com.zaxxer.hikari.HikariDataSource HikariPool-1 - Start completed.
[2022-11-04 09:53:39.742] [INFO ] [main] org.hibernate.dialect.Dialect HHH000400: Using dialect: org.hibernate.dialect.MariaDB106Dialect
[2022-11-04 09:53:40.570] [INFO ] [main] org.hibernate.engine.transaction.jta.platform.internal.JtaPlatformInitiator HHH000490: Using JtaPlatform implementation: [org.hibernate.engine.transaction.jta.platform.internal.NoJtaPlatform]
[2022-11-04 09:53:40.577] [INFO ] [main] org.springframework.orm.jpa.LocalContainerEntityManagerFactoryBean Initialized JPA EntityManagerFactory for persistence unit 'default'
[2022-11-04 09:53:41.300] [WARN ] [main] org.springframework.boot.autoconfigure.orm.jpa.JpaBaseConfiguration$JpaWebConfiguration spring.jpa.open-in-view is enabled by default. Therefore, database queries may be performed during view rendering. Explicitly configure spring.jpa.open-in-view to disable this warning
[2022-11-04 09:53:41.724] [INFO ] [main] org.apache.coyote.http11.Http11NioProtocol Starting ProtocolHandler ["http-nio-8080"]
[2022-11-04 09:53:41.747] [INFO ] [main] org.springframework.boot.web.embedded.tomcat.TomcatWebServer Tomcat started on port(s): 8080 (http) with context path ''
[2022-11-04 09:53:41.756] [INFO ] [main] com.springboot.relationship.RelationshipApplication Started RelationshipApplication in 4.48 seconds (JVM running for 4.895)
[2022-11-04 09:56:07.595] [INFO ] [SpringApplicationShutdownHook] org.springframework.orm.jpa.LocalContainerEntityManagerFactoryBean Closing JPA EntityManagerFactory for persistence unit 'default'
[2022-11-04 09:56:07.596] [INFO ] [SpringApplicationShutdownHook] com.zaxxer.hikari.HikariDataSource HikariPool-1 - Shutdown initiated...
[2022-11-04 09:56:07.600] [INFO ] [SpringApplicationShutdownHook] com.zaxxer.hikari.HikariDataSource HikariPool-1 - Shutdown completed.
[2022-11-04 09:56:13.151] [INFO ] [main] com.springboot.relationship.RelationshipApplication Starting RelationshipApplication using Java 11.0.16.1 on DESKTOP-ERTCLM2 with PID 10028 (C:\Users\황순호\Desktop\HSH_inteliJ\relationship\target\classes started by 황순호 in C:\Users\황순호\Desktop\HSH_inteliJ\relationship)
[2022-11-04 09:56:13.154] [INFO ] [main] com.springboot.relationship.RelationshipApplication No active profile set, falling back to 1 default profile: "default"
[2022-11-04 09:56:13.796] [INFO ] [main] org.springframework.data.repository.config.RepositoryConfigurationDelegate Bootstrapping Spring Data JPA repositories in DEFAULT mode.
[2022-11-04 09:56:13.874] [INFO ] [main] org.springframework.data.repository.config.RepositoryConfigurationDelegate Finished Spring Data repository scanning in 70 ms. Found 4 JPA repository interfaces.
[2022-11-04 09:56:14.528] [INFO ] [main] org.springframework.boot.web.embedded.tomcat.TomcatWebServer Tomcat initialized with port(s): 8080 (http)
[2022-11-04 09:56:14.537] [INFO ] [main] org.apache.coyote.http11.Http11NioProtocol Initializing ProtocolHandler ["http-nio-8080"]
[2022-11-04 09:56:14.538] [INFO ] [main] org.apache.catalina.core.StandardService Starting service [Tomcat]
[2022-11-04 09:56:14.538] [INFO ] [main] org.apache.catalina.core.StandardEngine Starting Servlet engine: [Apache Tomcat/9.0.68]
[2022-11-04 09:56:14.644] [INFO ] [main] org.apache.catalina.core.ContainerBase.[Tomcat].[localhost].[/] Initializing Spring embedded WebApplicationContext
[2022-11-04 09:56:14.645] [INFO ] [main] org.springframework.boot.web.servlet.context.ServletWebServerApplicationContext Root WebApplicationContext: initialization completed in 1444 ms
[2022-11-04 09:56:14.816] [INFO ] [main] org.hibernate.jpa.internal.util.LogHelper HHH000204: Processing PersistenceUnitInfo [name: default]
[2022-11-04 09:56:14.858] [INFO ] [main] org.hibernate.Version HHH000412: Hibernate ORM core version 5.6.12.Final
[2022-11-04 09:56:14.984] [INFO ] [main] org.hibernate.annotations.common.Version HCANN000001: Hibernate Commons Annotations {5.1.2.Final}
[2022-11-04 09:56:15.061] [INFO ] [main] com.zaxxer.hikari.HikariDataSource HikariPool-1 - Starting...
[2022-11-04 09:56:15.111] [INFO ] [main] com.zaxxer.hikari.HikariDataSource HikariPool-1 - Start completed.
[2022-11-04 09:56:15.134] [INFO ] [main] org.hibernate.dialect.Dialect HHH000400: Using dialect: org.hibernate.dialect.MariaDB106Dialect
[2022-11-04 09:56:15.869] [INFO ] [main] org.hibernate.engine.transaction.jta.platform.internal.JtaPlatformInitiator HHH000490: Using JtaPlatform implementation: [org.hibernate.engine.transaction.jta.platform.internal.NoJtaPlatform]
[2022-11-04 09:56:15.876] [INFO ] [main] org.springframework.orm.jpa.LocalContainerEntityManagerFactoryBean Initialized JPA EntityManagerFactory for persistence unit 'default'
[2022-11-04 09:56:16.597] [WARN ] [main] org.springframework.boot.autoconfigure.orm.jpa.JpaBaseConfiguration$JpaWebConfiguration spring.jpa.open-in-view is enabled by default. Therefore, database queries may be performed during view rendering. Explicitly configure spring.jpa.open-in-view to disable this warning
[2022-11-04 09:56:17.024] [INFO ] [main] org.apache.coyote.http11.Http11NioProtocol Starting ProtocolHandler ["http-nio-8080"]
[2022-11-04 09:56:17.047] [INFO ] [main] org.springframework.boot.web.embedded.tomcat.TomcatWebServer Tomcat started on port(s): 8080 (http) with context path ''
[2022-11-04 09:56:17.057] [INFO ] [main] com.springboot.relationship.RelationshipApplication Started RelationshipApplication in 4.421 seconds (JVM running for 4.832)
[2022-11-04 10:03:16.735] [INFO ] [SpringApplicationShutdownHook] org.springframework.orm.jpa.LocalContainerEntityManagerFactoryBean Closing JPA EntityManagerFactory for persistence unit 'default'
[2022-11-04 10:03:16.737] [INFO ] [SpringApplicationShutdownHook] com.zaxxer.hikari.HikariDataSource HikariPool-1 - Shutdown initiated...
[2022-11-04 10:03:16.741] [INFO ] [SpringApplicationShutdownHook] com.zaxxer.hikari.HikariDataSource HikariPool-1 - Shutdown completed.
[2022-11-04 10:03:22.253] [INFO ] [main] com.springboot.relationship.RelationshipApplication Starting RelationshipApplication using Java 11.0.16.1 on DESKTOP-ERTCLM2 with PID 10040 (C:\Users\황순호\Desktop\HSH_inteliJ\relationship\target\classes started by 황순호 in C:\Users\황순호\Desktop\HSH_inteliJ\relationship)
[2022-11-04 10:03:22.256] [INFO ] [main] com.springboot.relationship.RelationshipApplication No active profile set, falling back to 1 default profile: "default"
[2022-11-04 10:03:22.862] [INFO ] [main] org.springframework.data.repository.config.RepositoryConfigurationDelegate Bootstrapping Spring Data JPA repositories in DEFAULT mode.
[2022-11-04 10:03:22.933] [INFO ] [main] org.springframework.data.repository.config.RepositoryConfigurationDelegate Finished Spring Data repository scanning in 63 ms. Found 4 JPA repository interfaces.
[2022-11-04 10:03:23.583] [INFO ] [main] org.springframework.boot.web.embedded.tomcat.TomcatWebServer Tomcat initialized with port(s): 8080 (http)
[2022-11-04 10:03:23.591] [INFO ] [main] org.apache.coyote.http11.Http11NioProtocol Initializing ProtocolHandler ["http-nio-8080"]
[2022-11-04 10:03:23.592] [INFO ] [main] org.apache.catalina.core.StandardService Starting service [Tomcat]
[2022-11-04 10:03:23.592] [INFO ] [main] org.apache.catalina.core.StandardEngine Starting Servlet engine: [Apache Tomcat/9.0.68]
[2022-11-04 10:03:23.706] [INFO ] [main] org.apache.catalina.core.ContainerBase.[Tomcat].[localhost].[/] Initializing Spring embedded WebApplicationContext
[2022-11-04 10:03:23.706] [INFO ] [main] org.springframework.boot.web.servlet.context.ServletWebServerApplicationContext Root WebApplicationContext: initialization completed in 1401 ms
[2022-11-04 10:03:23.870] [INFO ] [main] org.hibernate.jpa.internal.util.LogHelper HHH000204: Processing PersistenceUnitInfo [name: default]
[2022-11-04 10:03:23.913] [INFO ] [main] org.hibernate.Version HHH000412: Hibernate ORM core version 5.6.12.Final
[2022-11-04 10:03:24.058] [INFO ] [main] org.hibernate.annotations.common.Version HCANN000001: Hibernate Commons Annotations {5.1.2.Final}
[2022-11-04 10:03:24.144] [INFO ] [main] com.zaxxer.hikari.HikariDataSource HikariPool-1 - Starting...
[2022-11-04 10:03:24.194] [INFO ] [main] com.zaxxer.hikari.HikariDataSource HikariPool-1 - Start completed.
[2022-11-04 10:03:24.216] [INFO ] [main] org.hibernate.dialect.Dialect HHH000400: Using dialect: org.hibernate.dialect.MariaDB106Dialect
[2022-11-04 10:03:25.072] [INFO ] [main] org.hibernate.engine.transaction.jta.platform.internal.JtaPlatformInitiator HHH000490: Using JtaPlatform implementation: [org.hibernate.engine.transaction.jta.platform.internal.NoJtaPlatform]
[2022-11-04 10:03:25.078] [INFO ] [main] org.springframework.orm.jpa.LocalContainerEntityManagerFactoryBean Initialized JPA EntityManagerFactory for persistence unit 'default'
[2022-11-04 10:03:25.736] [WARN ] [main] org.springframework.boot.autoconfigure.orm.jpa.JpaBaseConfiguration$JpaWebConfiguration spring.jpa.open-in-view is enabled by default. Therefore, database queries may be performed during view rendering. Explicitly configure spring.jpa.open-in-view to disable this warning
[2022-11-04 10:03:26.138] [INFO ] [main] org.apache.coyote.http11.Http11NioProtocol Starting ProtocolHandler ["http-nio-8080"]
[2022-11-04 10:03:26.156] [INFO ] [main] org.springframework.boot.web.embedded.tomcat.TomcatWebServer Tomcat started on port(s): 8080 (http) with context path ''
[2022-11-04 10:03:26.167] [INFO ] [main] com.springboot.relationship.RelationshipApplication Started RelationshipApplication in 4.409 seconds (JVM running for 4.847)
[2022-11-04 10:11:57.752] [INFO ] [main] com.springboot.relationship.data.repository.ProviderRepositoryTest Starting ProviderRepositoryTest using Java 11.0.16.1 on DESKTOP-ERTCLM2 with PID 16932 (started by 황순호 in C:\Users\황순호\Desktop\HSH_inteliJ\relationship)
[2022-11-04 10:11:57.753] [INFO ] [main] com.springboot.relationship.data.repository.ProviderRepositoryTest No active profile set, falling back to 1 default profile: "default"
[2022-11-04 10:11:58.375] [INFO ] [main] org.springframework.data.repository.config.RepositoryConfigurationDelegate Bootstrapping Spring Data JPA repositories in DEFAULT mode.
[2022-11-04 10:11:58.441] [INFO ] [main] org.springframework.data.repository.config.RepositoryConfigurationDelegate Finished Spring Data repository scanning in 60 ms. Found 5 JPA repository interfaces.
[2022-11-04 10:11:58.988] [INFO ] [main] org.hibernate.jpa.internal.util.LogHelper HHH000204: Processing PersistenceUnitInfo [name: default]
[2022-11-04 10:11:59.028] [INFO ] [main] org.hibernate.Version HHH000412: Hibernate ORM core version 5.6.12.Final
[2022-11-04 10:11:59.148] [INFO ] [main] org.hibernate.annotations.common.Version HCANN000001: Hibernate Commons Annotations {5.1.2.Final}
[2022-11-04 10:11:59.333] [INFO ] [main] com.zaxxer.hikari.HikariDataSource HikariPool-1 - Starting...
[2022-11-04 10:11:59.401] [INFO ] [main] com.zaxxer.hikari.HikariDataSource HikariPool-1 - Start completed.
[2022-11-04 10:11:59.431] [INFO ] [main] org.hibernate.dialect.Dialect HHH000400: Using dialect: org.hibernate.dialect.MariaDB106Dialect
[2022-11-04 10:12:00.361] [INFO ] [main] org.hibernate.engine.transaction.jta.platform.internal.JtaPlatformInitiator HHH000490: Using JtaPlatform implementation: [org.hibernate.engine.transaction.jta.platform.internal.NoJtaPlatform]
[2022-11-04 10:12:00.370] [INFO ] [main] org.springframework.orm.jpa.LocalContainerEntityManagerFactoryBean Initialized JPA EntityManagerFactory for persistence unit 'default'
[2022-11-04 10:12:01.243] [WARN ] [main] org.springframework.boot.autoconfigure.orm.jpa.JpaBaseConfiguration$JpaWebConfiguration spring.jpa.open-in-view is enabled by default. Therefore, database queries may be performed during view rendering. Explicitly configure spring.jpa.open-in-view to disable this warning
[2022-11-04 10:12:01.890] [INFO ] [main] com.springboot.relationship.data.repository.ProviderRepositoryTest Started ProviderRepositoryTest in 4.523 seconds (JVM running for 5.609)
[2022-11-04 10:12:02.176] [INFO ] [SpringApplicationShutdownHook] org.springframework.orm.jpa.LocalContainerEntityManagerFactoryBean Closing JPA EntityManagerFactory for persistence unit 'default'
[2022-11-04 10:12:02.178] [INFO ] [SpringApplicationShutdownHook] com.zaxxer.hikari.HikariDataSource HikariPool-1 - Shutdown initiated...
[2022-11-04 10:12:02.185] [INFO ] [SpringApplicationShutdownHook] com.zaxxer.hikari.HikariDataSource HikariPool-1 - Shutdown completed.
[2022-11-04 10:34:23.602] [INFO ] [SpringApplicationShutdownHook] org.springframework.orm.jpa.LocalContainerEntityManagerFactoryBean Closing JPA EntityManagerFactory for persistence unit 'default'
[2022-11-04 10:34:23.604] [INFO ] [SpringApplicationShutdownHook] com.zaxxer.hikari.HikariDataSource HikariPool-1 - Shutdown initiated...
[2022-11-04 10:34:23.608] [INFO ] [SpringApplicationShutdownHook] com.zaxxer.hikari.HikariDataSource HikariPool-1 - Shutdown completed.
[2022-11-04 10:34:28.968] [INFO ] [main] com.springboot.relationship.RelationshipApplication Starting RelationshipApplication using Java 11.0.16.1 on DESKTOP-ERTCLM2 with PID 14780 (C:\Users\황순호\Desktop\HSH_inteliJ\relationship\target\classes started by 황순호 in C:\Users\황순호\Desktop\HSH_inteliJ\relationship)
[2022-11-04 10:34:28.971] [INFO ] [main] com.springboot.relationship.RelationshipApplication No active profile set, falling back to 1 default profile: "default"
[2022-11-04 10:34:29.601] [INFO ] [main] org.springframework.data.repository.config.RepositoryConfigurationDelegate Bootstrapping Spring Data JPA repositories in DEFAULT mode.
[2022-11-04 10:34:29.679] [INFO ] [main] org.springframework.data.repository.config.RepositoryConfigurationDelegate Finished Spring Data repository scanning in 70 ms. Found 5 JPA repository interfaces.
[2022-11-04 10:34:30.359] [INFO ] [main] org.springframework.boot.web.embedded.tomcat.TomcatWebServer Tomcat initialized with port(s): 8080 (http)
[2022-11-04 10:34:30.370] [INFO ] [main] org.apache.coyote.http11.Http11NioProtocol Initializing ProtocolHandler ["http-nio-8080"]
[2022-11-04 10:34:30.371] [INFO ] [main] org.apache.catalina.core.StandardService Starting service [Tomcat]
[2022-11-04 10:34:30.371] [INFO ] [main] org.apache.catalina.core.StandardEngine Starting Servlet engine: [Apache Tomcat/9.0.68]
[2022-11-04 10:34:30.479] [INFO ] [main] org.apache.catalina.core.ContainerBase.[Tomcat].[localhost].[/] Initializing Spring embedded WebApplicationContext
[2022-11-04 10:34:30.479] [INFO ] [main] org.springframework.boot.web.servlet.context.ServletWebServerApplicationContext Root WebApplicationContext: initialization completed in 1462 ms
[2022-11-04 10:34:30.644] [INFO ] [main] org.hibernate.jpa.internal.util.LogHelper HHH000204: Processing PersistenceUnitInfo [name: default]
[2022-11-04 10:34:30.687] [INFO ] [main] org.hibernate.Version HHH000412: Hibernate ORM core version 5.6.12.Final
[2022-11-04 10:34:30.812] [INFO ] [main] org.hibernate.annotations.common.Version HCANN000001: Hibernate Commons Annotations {5.1.2.Final}
[2022-11-04 10:34:30.893] [INFO ] [main] com.zaxxer.hikari.HikariDataSource HikariPool-1 - Starting...
[2022-11-04 10:34:30.947] [INFO ] [main] com.zaxxer.hikari.HikariDataSource HikariPool-1 - Start completed.
[2022-11-04 10:34:30.970] [INFO ] [main] org.hibernate.dialect.Dialect HHH000400: Using dialect: org.hibernate.dialect.MariaDB106Dialect
[2022-11-04 10:34:32.135] [INFO ] [main] org.hibernate.engine.transaction.jta.platform.internal.JtaPlatformInitiator HHH000490: Using JtaPlatform implementation: [org.hibernate.engine.transaction.jta.platform.internal.NoJtaPlatform]
[2022-11-04 10:34:32.142] [INFO ] [main] org.springframework.orm.jpa.LocalContainerEntityManagerFactoryBean Initialized JPA EntityManagerFactory for persistence unit 'default'
[2022-11-04 10:34:32.817] [WARN ] [main] org.springframework.boot.autoconfigure.orm.jpa.JpaBaseConfiguration$JpaWebConfiguration spring.jpa.open-in-view is enabled by default. Therefore, database queries may be performed during view rendering. Explicitly configure spring.jpa.open-in-view to disable this warning
[2022-11-04 10:34:33.249] [INFO ] [main] org.apache.coyote.http11.Http11NioProtocol Starting ProtocolHandler ["http-nio-8080"]
[2022-11-04 10:34:33.274] [INFO ] [main] org.springframework.boot.web.embedded.tomcat.TomcatWebServer Tomcat started on port(s): 8080 (http) with context path ''
[2022-11-04 10:34:33.285] [INFO ] [main] com.springboot.relationship.RelationshipApplication Started RelationshipApplication in 4.784 seconds (JVM running for 5.23)
[2022-11-04 10:43:36.328] [INFO ] [main] com.springboot.relationship.data.repository.CategoryRepositoryTest Starting CategoryRepositoryTest using Java 11.0.16.1 on DESKTOP-ERTCLM2 with PID 6340 (started by 황순호 in C:\Users\황순호\Desktop\HSH_inteliJ\relationship)
[2022-11-04 10:43:36.329] [INFO ] [main] com.springboot.relationship.data.repository.CategoryRepositoryTest No active profile set, falling back to 1 default profile: "default"
[2022-11-04 10:43:36.920] [INFO ] [main] org.springframework.data.repository.config.RepositoryConfigurationDelegate Bootstrapping Spring Data JPA repositories in DEFAULT mode.
[2022-11-04 10:43:36.984] [INFO ] [main] org.springframework.data.repository.config.RepositoryConfigurationDelegate Finished Spring Data repository scanning in 57 ms. Found 6 JPA repository interfaces.
[2022-11-04 10:43:37.545] [INFO ] [main] org.hibernate.jpa.internal.util.LogHelper HHH000204: Processing PersistenceUnitInfo [name: default]
[2022-11-04 10:43:37.587] [INFO ] [main] org.hibernate.Version HHH000412: Hibernate ORM core version 5.6.12.Final
[2022-11-04 10:43:37.707] [INFO ] [main] org.hibernate.annotations.common.Version HCANN000001: Hibernate Commons Annotations {5.1.2.Final}
[2022-11-04 10:43:37.894] [INFO ] [main] com.zaxxer.hikari.HikariDataSource HikariPool-1 - Starting...
[2022-11-04 10:43:37.952] [INFO ] [main] com.zaxxer.hikari.HikariDataSource HikariPool-1 - Start completed.
[2022-11-04 10:43:37.979] [INFO ] [main] org.hibernate.dialect.Dialect HHH000400: Using dialect: org.hibernate.dialect.MariaDB106Dialect
[2022-11-04 10:43:39.203] [INFO ] [main] org.hibernate.engine.transaction.jta.platform.internal.JtaPlatformInitiator HHH000490: Using JtaPlatform implementation: [org.hibernate.engine.transaction.jta.platform.internal.NoJtaPlatform]
[2022-11-04 10:43:39.211] [INFO ] [main] org.springframework.orm.jpa.LocalContainerEntityManagerFactoryBean Initialized JPA EntityManagerFactory for persistence unit 'default'
[2022-11-04 10:43:40.033] [WARN ] [main] org.springframework.boot.autoconfigure.orm.jpa.JpaBaseConfiguration$JpaWebConfiguration spring.jpa.open-in-view is enabled by default. Therefore, database queries may be performed during view rendering. Explicitly configure spring.jpa.open-in-view to disable this warning
[2022-11-04 10:43:40.681] [INFO ] [main] com.springboot.relationship.data.repository.CategoryRepositoryTest Started CategoryRepositoryTest in 4.715 seconds (JVM running for 5.776)
[2022-11-04 10:43:41.016] [INFO ] [SpringApplicationShutdownHook] org.springframework.orm.jpa.LocalContainerEntityManagerFactoryBean Closing JPA EntityManagerFactory for persistence unit 'default'
[2022-11-04 10:43:41.018] [INFO ] [SpringApplicationShutdownHook] com.zaxxer.hikari.HikariDataSource HikariPool-1 - Shutdown initiated...
[2022-11-04 10:43:41.023] [INFO ] [SpringApplicationShutdownHook] com.zaxxer.hikari.HikariDataSource HikariPool-1 - Shutdown completed.
[2022-11-04 10:49:39.110] [INFO ] [SpringApplicationShutdownHook] org.springframework.orm.jpa.LocalContainerEntityManagerFactoryBean Closing JPA EntityManagerFactory for persistence unit 'default'
[2022-11-04 10:49:39.112] [INFO ] [SpringApplicationShutdownHook] com.zaxxer.hikari.HikariDataSource HikariPool-1 - Shutdown initiated...
[2022-11-04 10:49:39.116] [INFO ] [SpringApplicationShutdownHook] com.zaxxer.hikari.HikariDataSource HikariPool-1 - Shutdown completed.
[2022-11-04 10:49:44.690] [INFO ] [main] com.springboot.relationship.RelationshipApplication Starting RelationshipApplication using Java 11.0.16.1 on DESKTOP-ERTCLM2 with PID 7764 (C:\Users\황순호\Desktop\HSH_inteliJ\relationship\target\classes started by 황순호 in C:\Users\황순호\Desktop\HSH_inteliJ\relationship)
[2022-11-04 10:49:44.693] [INFO ] [main] com.springboot.relationship.RelationshipApplication No active profile set, falling back to 1 default profile: "default"
[2022-11-04 10:49:45.357] [INFO ] [main] org.springframework.data.repository.config.RepositoryConfigurationDelegate Bootstrapping Spring Data JPA repositories in DEFAULT mode.
[2022-11-04 10:49:45.439] [INFO ] [main] org.springframework.data.repository.config.RepositoryConfigurationDelegate Finished Spring Data repository scanning in 75 ms. Found 6 JPA repository interfaces.
[2022-11-04 10:49:46.036] [INFO ] [main] org.springframework.boot.web.embedded.tomcat.TomcatWebServer Tomcat initialized with port(s): 8080 (http)
[2022-11-04 10:49:46.045] [INFO ] [main] org.apache.coyote.http11.Http11NioProtocol Initializing ProtocolHandler ["http-nio-8080"]
[2022-11-04 10:49:46.045] [INFO ] [main] org.apache.catalina.core.StandardService Starting service [Tomcat]
[2022-11-04 10:49:46.045] [INFO ] [main] org.apache.catalina.core.StandardEngine Starting Servlet engine: [Apache Tomcat/9.0.68]
[2022-11-04 10:49:46.158] [INFO ] [main] org.apache.catalina.core.ContainerBase.[Tomcat].[localhost].[/] Initializing Spring embedded WebApplicationContext
[2022-11-04 10:49:46.159] [INFO ] [main] org.springframework.boot.web.servlet.context.ServletWebServerApplicationContext Root WebApplicationContext: initialization completed in 1414 ms
[2022-11-04 10:49:46.324] [INFO ] [main] org.hibernate.jpa.internal.util.LogHelper HHH000204: Processing PersistenceUnitInfo [name: default]
[2022-11-04 10:49:46.366] [INFO ] [main] org.hibernate.Version HHH000412: Hibernate ORM core version 5.6.12.Final
[2022-11-04 10:49:46.495] [INFO ] [main] org.hibernate.annotations.common.Version HCANN000001: Hibernate Commons Annotations {5.1.2.Final}
[2022-11-04 10:49:46.573] [INFO ] [main] com.zaxxer.hikari.HikariDataSource HikariPool-1 - Starting...
[2022-11-04 10:49:46.624] [INFO ] [main] com.zaxxer.hikari.HikariDataSource HikariPool-1 - Start completed.
[2022-11-04 10:49:46.648] [INFO ] [main] org.hibernate.dialect.Dialect HHH000400: Using dialect: org.hibernate.dialect.MariaDB106Dialect
[2022-11-04 10:49:47.214] [WARN ] [main] org.mariadb.jdbc.message.server.ErrorPacket Error: 1146-42S02: Table 'springboot.producer_products' doesn't exist
[2022-11-04 10:49:47.216] [WARN ] [main] org.hibernate.tool.schema.internal.ExceptionHandlerLoggedImpl GenerationTarget encountered exception accepting command : Error executing DDL "
    alter table producer_products 
       drop 
       foreign key if exists FKf8eytysh4r4bk9o6flsn0yg1t" via JDBC Statement
org.hibernate.tool.schema.spi.CommandAcceptanceException: Error executing DDL "
    alter table producer_products 
       drop 
       foreign key if exists FKf8eytysh4r4bk9o6flsn0yg1t" via JDBC Statement
	at org.hibernate.tool.schema.internal.exec.GenerationTargetToDatabase.accept(GenerationTargetToDatabase.java:67)
	at org.hibernate.tool.schema.internal.SchemaDropperImpl.applySqlString(SchemaDropperImpl.java:387)
	at org.hibernate.tool.schema.internal.SchemaDropperImpl.applySqlStrings(SchemaDropperImpl.java:371)
	at org.hibernate.tool.schema.internal.SchemaDropperImpl.applyConstraintDropping(SchemaDropperImpl.java:341)
	at org.hibernate.tool.schema.internal.SchemaDropperImpl.dropFromMetadata(SchemaDropperImpl.java:235)
	at org.hibernate.tool.schema.internal.SchemaDropperImpl.performDrop(SchemaDropperImpl.java:156)
	at org.hibernate.tool.schema.internal.SchemaDropperImpl.doDrop(SchemaDropperImpl.java:128)
	at org.hibernate.tool.schema.internal.SchemaDropperImpl.doDrop(SchemaDropperImpl.java:114)
	at org.hibernate.tool.schema.spi.SchemaManagementToolCoordinator.performDatabaseAction(SchemaManagementToolCoordinator.java:157)
	at org.hibernate.tool.schema.spi.SchemaManagementToolCoordinator.process(SchemaManagementToolCoordinator.java:85)
	at org.hibernate.internal.SessionFactoryImpl.<init>(SessionFactoryImpl.java:335)
	at org.hibernate.boot.internal.SessionFactoryBuilderImpl.build(SessionFactoryBuilderImpl.java:471)
	at org.hibernate.jpa.boot.internal.EntityManagerFactoryBuilderImpl.build(EntityManagerFactoryBuilderImpl.java:1498)
	at org.springframework.orm.jpa.vendor.SpringHibernateJpaPersistenceProvider.createContainerEntityManagerFactory(SpringHibernateJpaPersistenceProvider.java:58)
	at org.springframework.orm.jpa.LocalContainerEntityManagerFactoryBean.createNativeEntityManagerFactory(LocalContainerEntityManagerFactoryBean.java:365)
	at org.springframework.orm.jpa.AbstractEntityManagerFactoryBean.buildNativeEntityManagerFactory(AbstractEntityManagerFactoryBean.java:409)
	at org.springframework.orm.jpa.AbstractEntityManagerFactoryBean.afterPropertiesSet(AbstractEntityManagerFactoryBean.java:396)
	at org.springframework.orm.jpa.LocalContainerEntityManagerFactoryBean.afterPropertiesSet(LocalContainerEntityManagerFactoryBean.java:341)
	at org.springframework.beans.factory.support.AbstractAutowireCapableBeanFactory.invokeInitMethods(AbstractAutowireCapableBeanFactory.java:1863)
	at org.springframework.beans.factory.support.AbstractAutowireCapableBeanFactory.initializeBean(AbstractAutowireCapableBeanFactory.java:1800)
	at org.springframework.beans.factory.support.AbstractAutowireCapableBeanFactory.doCreateBean(AbstractAutowireCapableBeanFactory.java:620)
	at org.springframework.beans.factory.support.AbstractAutowireCapableBeanFactory.createBean(AbstractAutowireCapableBeanFactory.java:542)
	at org.springframework.beans.factory.support.AbstractBeanFactory.lambda$doGetBean$0(AbstractBeanFactory.java:335)
	at org.springframework.beans.factory.support.DefaultSingletonBeanRegistry.getSingleton(DefaultSingletonBeanRegistry.java:234)
	at org.springframework.beans.factory.support.AbstractBeanFactory.doGetBean(AbstractBeanFactory.java:333)
	at org.springframework.beans.factory.support.AbstractBeanFactory.getBean(AbstractBeanFactory.java:208)
	at org.springframework.context.support.AbstractApplicationContext.getBean(AbstractApplicationContext.java:1154)
	at org.springframework.context.support.AbstractApplicationContext.finishBeanFactoryInitialization(AbstractApplicationContext.java:908)
	at org.springframework.context.support.AbstractApplicationContext.refresh(AbstractApplicationContext.java:583)
	at org.springframework.boot.web.servlet.context.ServletWebServerApplicationContext.refresh(ServletWebServerApplicationContext.java:147)
	at org.springframework.boot.SpringApplication.refresh(SpringApplication.java:734)
	at org.springframework.boot.SpringApplication.refreshContext(SpringApplication.java:408)
	at org.springframework.boot.SpringApplication.run(SpringApplication.java:308)
	at org.springframework.boot.SpringApplication.run(SpringApplication.java:1306)
	at org.springframework.boot.SpringApplication.run(SpringApplication.java:1295)
	at com.springboot.relationship.RelationshipApplication.main(RelationshipApplication.java:10)
Caused by: java.sql.SQLSyntaxErrorException: (conn=207) Table 'springboot.producer_products' doesn't exist
	at org.mariadb.jdbc.export.ExceptionFactory.createException(ExceptionFactory.java:282)
	at org.mariadb.jdbc.export.ExceptionFactory.create(ExceptionFactory.java:370)
	at org.mariadb.jdbc.message.ClientMessage.readPacket(ClientMessage.java:137)
	at org.mariadb.jdbc.client.impl.StandardClient.readPacket(StandardClient.java:840)
	at org.mariadb.jdbc.client.impl.StandardClient.readResults(StandardClient.java:779)
	at org.mariadb.jdbc.client.impl.StandardClient.readResponse(StandardClient.java:698)
	at org.mariadb.jdbc.client.impl.StandardClient.execute(StandardClient.java:641)
	at org.mariadb.jdbc.Statement.executeInternal(Statement.java:935)
	at org.mariadb.jdbc.Statement.execute(Statement.java:1061)
	at org.mariadb.jdbc.Statement.execute(Statement.java:452)
	at com.zaxxer.hikari.pool.ProxyStatement.execute(ProxyStatement.java:94)
	at com.zaxxer.hikari.pool.HikariProxyStatement.execute(HikariProxyStatement.java)
	at org.hibernate.tool.schema.internal.exec.GenerationTargetToDatabase.accept(GenerationTargetToDatabase.java:54)
	... 35 common frames omitted
[2022-11-04 10:49:47.217] [WARN ] [main] org.mariadb.jdbc.message.server.ErrorPacket Error: 1146-42S02: Table 'springboot.producer_products' doesn't exist
[2022-11-04 10:49:47.217] [WARN ] [main] org.hibernate.tool.schema.internal.ExceptionHandlerLoggedImpl GenerationTarget encountered exception accepting command : Error executing DDL "
    alter table producer_products 
       drop 
       foreign key if exists FKk5j0x3lsahtifjsui48jnqedn" via JDBC Statement
org.hibernate.tool.schema.spi.CommandAcceptanceException: Error executing DDL "
    alter table producer_products 
       drop 
       foreign key if exists FKk5j0x3lsahtifjsui48jnqedn" via JDBC Statement
	at org.hibernate.tool.schema.internal.exec.GenerationTargetToDatabase.accept(GenerationTargetToDatabase.java:67)
	at org.hibernate.tool.schema.internal.SchemaDropperImpl.applySqlString(SchemaDropperImpl.java:387)
	at org.hibernate.tool.schema.internal.SchemaDropperImpl.applySqlStrings(SchemaDropperImpl.java:371)
	at org.hibernate.tool.schema.internal.SchemaDropperImpl.applyConstraintDropping(SchemaDropperImpl.java:341)
	at org.hibernate.tool.schema.internal.SchemaDropperImpl.dropFromMetadata(SchemaDropperImpl.java:235)
	at org.hibernate.tool.schema.internal.SchemaDropperImpl.performDrop(SchemaDropperImpl.java:156)
	at org.hibernate.tool.schema.internal.SchemaDropperImpl.doDrop(SchemaDropperImpl.java:128)
	at org.hibernate.tool.schema.internal.SchemaDropperImpl.doDrop(SchemaDropperImpl.java:114)
	at org.hibernate.tool.schema.spi.SchemaManagementToolCoordinator.performDatabaseAction(SchemaManagementToolCoordinator.java:157)
	at org.hibernate.tool.schema.spi.SchemaManagementToolCoordinator.process(SchemaManagementToolCoordinator.java:85)
	at org.hibernate.internal.SessionFactoryImpl.<init>(SessionFactoryImpl.java:335)
	at org.hibernate.boot.internal.SessionFactoryBuilderImpl.build(SessionFactoryBuilderImpl.java:471)
	at org.hibernate.jpa.boot.internal.EntityManagerFactoryBuilderImpl.build(EntityManagerFactoryBuilderImpl.java:1498)
	at org.springframework.orm.jpa.vendor.SpringHibernateJpaPersistenceProvider.createContainerEntityManagerFactory(SpringHibernateJpaPersistenceProvider.java:58)
	at org.springframework.orm.jpa.LocalContainerEntityManagerFactoryBean.createNativeEntityManagerFactory(LocalContainerEntityManagerFactoryBean.java:365)
	at org.springframework.orm.jpa.AbstractEntityManagerFactoryBean.buildNativeEntityManagerFactory(AbstractEntityManagerFactoryBean.java:409)
	at org.springframework.orm.jpa.AbstractEntityManagerFactoryBean.afterPropertiesSet(AbstractEntityManagerFactoryBean.java:396)
	at org.springframework.orm.jpa.LocalContainerEntityManagerFactoryBean.afterPropertiesSet(LocalContainerEntityManagerFactoryBean.java:341)
	at org.springframework.beans.factory.support.AbstractAutowireCapableBeanFactory.invokeInitMethods(AbstractAutowireCapableBeanFactory.java:1863)
	at org.springframework.beans.factory.support.AbstractAutowireCapableBeanFactory.initializeBean(AbstractAutowireCapableBeanFactory.java:1800)
	at org.springframework.beans.factory.support.AbstractAutowireCapableBeanFactory.doCreateBean(AbstractAutowireCapableBeanFactory.java:620)
	at org.springframework.beans.factory.support.AbstractAutowireCapableBeanFactory.createBean(AbstractAutowireCapableBeanFactory.java:542)
	at org.springframework.beans.factory.support.AbstractBeanFactory.lambda$doGetBean$0(AbstractBeanFactory.java:335)
	at org.springframework.beans.factory.support.DefaultSingletonBeanRegistry.getSingleton(DefaultSingletonBeanRegistry.java:234)
	at org.springframework.beans.factory.support.AbstractBeanFactory.doGetBean(AbstractBeanFactory.java:333)
	at org.springframework.beans.factory.support.AbstractBeanFactory.getBean(AbstractBeanFactory.java:208)
	at org.springframework.context.support.AbstractApplicationContext.getBean(AbstractApplicationContext.java:1154)
	at org.springframework.context.support.AbstractApplicationContext.finishBeanFactoryInitialization(AbstractApplicationContext.java:908)
	at org.springframework.context.support.AbstractApplicationContext.refresh(AbstractApplicationContext.java:583)
	at org.springframework.boot.web.servlet.context.ServletWebServerApplicationContext.refresh(ServletWebServerApplicationContext.java:147)
	at org.springframework.boot.SpringApplication.refresh(SpringApplication.java:734)
	at org.springframework.boot.SpringApplication.refreshContext(SpringApplication.java:408)
	at org.springframework.boot.SpringApplication.run(SpringApplication.java:308)
	at org.springframework.boot.SpringApplication.run(SpringApplication.java:1306)
	at org.springframework.boot.SpringApplication.run(SpringApplication.java:1295)
	at com.springboot.relationship.RelationshipApplication.main(RelationshipApplication.java:10)
Caused by: java.sql.SQLSyntaxErrorException: (conn=207) Table 'springboot.producer_products' doesn't exist
	at org.mariadb.jdbc.export.ExceptionFactory.createException(ExceptionFactory.java:282)
	at org.mariadb.jdbc.export.ExceptionFactory.create(ExceptionFactory.java:370)
	at org.mariadb.jdbc.message.ClientMessage.readPacket(ClientMessage.java:137)
	at org.mariadb.jdbc.client.impl.StandardClient.readPacket(StandardClient.java:840)
	at org.mariadb.jdbc.client.impl.StandardClient.readResults(StandardClient.java:779)
	at org.mariadb.jdbc.client.impl.StandardClient.readResponse(StandardClient.java:698)
	at org.mariadb.jdbc.client.impl.StandardClient.execute(StandardClient.java:641)
	at org.mariadb.jdbc.Statement.executeInternal(Statement.java:935)
	at org.mariadb.jdbc.Statement.execute(Statement.java:1061)
	at org.mariadb.jdbc.Statement.execute(Statement.java:452)
	at com.zaxxer.hikari.pool.ProxyStatement.execute(ProxyStatement.java:94)
	at com.zaxxer.hikari.pool.HikariProxyStatement.execute(HikariProxyStatement.java)
	at org.hibernate.tool.schema.internal.exec.GenerationTargetToDatabase.accept(GenerationTargetToDatabase.java:54)
	... 35 common frames omitted
[2022-11-04 10:49:48.184] [INFO ] [main] org.hibernate.engine.transaction.jta.platform.internal.JtaPlatformInitiator HHH000490: Using JtaPlatform implementation: [org.hibernate.engine.transaction.jta.platform.internal.NoJtaPlatform]
[2022-11-04 10:49:48.191] [INFO ] [main] org.springframework.orm.jpa.LocalContainerEntityManagerFactoryBean Initialized JPA EntityManagerFactory for persistence unit 'default'
[2022-11-04 10:49:48.897] [WARN ] [main] org.springframework.boot.autoconfigure.orm.jpa.JpaBaseConfiguration$JpaWebConfiguration spring.jpa.open-in-view is enabled by default. Therefore, database queries may be performed during view rendering. Explicitly configure spring.jpa.open-in-view to disable this warning
[2022-11-04 10:49:49.389] [INFO ] [main] org.apache.coyote.http11.Http11NioProtocol Starting ProtocolHandler ["http-nio-8080"]
[2022-11-04 10:49:49.414] [INFO ] [main] org.springframework.boot.web.embedded.tomcat.TomcatWebServer Tomcat started on port(s): 8080 (http) with context path ''
[2022-11-04 10:49:49.425] [INFO ] [main] com.springboot.relationship.RelationshipApplication Started RelationshipApplication in 5.226 seconds (JVM running for 5.62)
[2022-11-04 10:59:22.860] [INFO ] [main] com.springboot.relationship.data.repository.CategoryRepositoryTest Starting CategoryRepositoryTest using Java 11.0.16.1 on DESKTOP-ERTCLM2 with PID 2120 (started by 황순호 in C:\Users\황순호\Desktop\HSH_inteliJ\relationship)
[2022-11-04 10:59:22.861] [INFO ] [main] com.springboot.relationship.data.repository.CategoryRepositoryTest No active profile set, falling back to 1 default profile: "default"
[2022-11-04 10:59:23.436] [INFO ] [main] org.springframework.data.repository.config.RepositoryConfigurationDelegate Bootstrapping Spring Data JPA repositories in DEFAULT mode.
[2022-11-04 10:59:23.520] [INFO ] [main] org.springframework.data.repository.config.RepositoryConfigurationDelegate Finished Spring Data repository scanning in 76 ms. Found 7 JPA repository interfaces.
[2022-11-04 10:59:24.139] [INFO ] [main] org.hibernate.jpa.internal.util.LogHelper HHH000204: Processing PersistenceUnitInfo [name: default]
[2022-11-04 10:59:24.186] [INFO ] [main] org.hibernate.Version HHH000412: Hibernate ORM core version 5.6.12.Final
[2022-11-04 10:59:24.310] [INFO ] [main] org.hibernate.annotations.common.Version HCANN000001: Hibernate Commons Annotations {5.1.2.Final}
[2022-11-04 10:59:24.498] [INFO ] [main] com.zaxxer.hikari.HikariDataSource HikariPool-1 - Starting...
[2022-11-04 10:59:24.563] [INFO ] [main] com.zaxxer.hikari.HikariDataSource HikariPool-1 - Start completed.
[2022-11-04 10:59:24.589] [INFO ] [main] org.hibernate.dialect.Dialect HHH000400: Using dialect: org.hibernate.dialect.MariaDB106Dialect
[2022-11-04 10:59:26.217] [INFO ] [main] org.hibernate.engine.transaction.jta.platform.internal.JtaPlatformInitiator HHH000490: Using JtaPlatform implementation: [org.hibernate.engine.transaction.jta.platform.internal.NoJtaPlatform]
[2022-11-04 10:59:26.227] [INFO ] [main] org.springframework.orm.jpa.LocalContainerEntityManagerFactoryBean Initialized JPA EntityManagerFactory for persistence unit 'default'
[2022-11-04 10:59:27.082] [WARN ] [main] org.springframework.boot.autoconfigure.orm.jpa.JpaBaseConfiguration$JpaWebConfiguration spring.jpa.open-in-view is enabled by default. Therefore, database queries may be performed during view rendering. Explicitly configure spring.jpa.open-in-view to disable this warning
[2022-11-04 10:59:27.800] [INFO ] [main] com.springboot.relationship.data.repository.CategoryRepositoryTest Started CategoryRepositoryTest in 5.307 seconds (JVM running for 6.321)
[2022-11-04 10:59:28.145] [INFO ] [SpringApplicationShutdownHook] org.springframework.orm.jpa.LocalContainerEntityManagerFactoryBean Closing JPA EntityManagerFactory for persistence unit 'default'
[2022-11-04 10:59:28.148] [INFO ] [SpringApplicationShutdownHook] com.zaxxer.hikari.HikariDataSource HikariPool-1 - Shutdown initiated...
[2022-11-04 10:59:28.156] [INFO ] [SpringApplicationShutdownHook] com.zaxxer.hikari.HikariDataSource HikariPool-1 - Shutdown completed.
[2022-11-04 11:18:01.794] [INFO ] [SpringApplicationShutdownHook] org.springframework.orm.jpa.LocalContainerEntityManagerFactoryBean Closing JPA EntityManagerFactory for persistence unit 'default'
[2022-11-04 11:18:01.796] [INFO ] [SpringApplicationShutdownHook] com.zaxxer.hikari.HikariDataSource HikariPool-1 - Shutdown initiated...
[2022-11-04 11:18:01.801] [INFO ] [SpringApplicationShutdownHook] com.zaxxer.hikari.HikariDataSource HikariPool-1 - Shutdown completed.
